2024-10-27 20:25:35.462 INFO  c.firewall.train.member.config.MemberApplication  :51   [32m                  [0;39m Starting MemberApplication using Java 17.0.11 with PID 14204 (E:\JavaLearning\train\member\target\classes started by firew in E:\JavaLearning\train)
2024-10-27 20:25:35.464 INFO  c.firewall.train.member.config.MemberApplication  :630  [32m                  [0;39m No active profile set, falling back to 1 default profile: "default"
2024-10-27 20:25:35.507 INFO  o.s.b.d.env.DevToolsPropertyDefaultsPostProcessor :250  [32m                  [0;39m Devtools property defaults active! Set 'spring.devtools.add-properties' to 'false' to disable
2024-10-27 20:25:35.507 INFO  o.s.b.d.env.DevToolsPropertyDefaultsPostProcessor :250  [32m                  [0;39m For additional web related logging consider setting the 'logging.level.web' property to 'DEBUG'
2024-10-27 20:25:36.002 INFO  o.springframework.cloud.context.scope.GenericScope:282  [32m                  [0;39m BeanFactory id=9bb3dc1e-c01b-3b01-a5d5-981d040bf2af
2024-10-27 20:25:36.456 INFO  o.s.boot.web.embedded.tomcat.TomcatWebServer      :114  [32m                  [0;39m Tomcat initialized with port(s): 1234 (http)
2024-10-27 20:25:36.463 INFO  org.apache.coyote.http11.Http11NioProtocol        :173  [32m                  [0;39m Initializing ProtocolHandler ["http-nio-1234"]
2024-10-27 20:25:36.464 INFO  org.apache.catalina.core.StandardService          :173  [32m                  [0;39m Starting service [Tomcat]
2024-10-27 20:25:36.464 INFO  org.apache.catalina.core.StandardEngine           :173  [32m                  [0;39m Starting Servlet engine: [Apache Tomcat/10.1.1]
2024-10-27 20:25:36.511 INFO  o.a.c.c.C.[Tomcat].[localhost].[/member]          :173  [32m                  [0;39m Initializing Spring embedded WebApplicationContext
2024-10-27 20:25:36.511 INFO  o.s.b.w.s.c.ServletWebServerApplicationContext    :291  [32m                  [0;39m Root WebApplicationContext: initialization completed in 1003 ms
2024-10-27 20:25:36.778 INFO  o.s.b.d.autoconfigure.OptionalLiveReloadServer    :59   [32m                  [0;39m LiveReload server is running on port 35729
2024-10-27 20:25:37.285 INFO  org.apache.coyote.http11.Http11NioProtocol        :173  [32m                  [0;39m Starting ProtocolHandler ["http-nio-1234"]
2024-10-27 20:25:37.301 INFO  o.s.boot.web.embedded.tomcat.TomcatWebServer      :226  [32m                  [0;39m Tomcat started on port(s): 1234 (http) with context path '/member'
2024-10-27 20:25:37.765 INFO  c.firewall.train.member.config.MemberApplication  :57   [32m                  [0;39m Started MemberApplication in 3.146 seconds (process running for 4.024)
2024-10-27 20:25:37.768 INFO  c.firewall.train.member.config.MemberApplication  :17   [32m                  [0;39m 启动成功！
2024-10-27 20:25:37.768 INFO  c.firewall.train.member.config.MemberApplication  :18   [32m                  [0;39m Member地址: 	http://127.0.0.1:1234
2024-10-27 20:26:51.177 INFO  o.s.b.d.a.LocalDevToolsAutoConfiguration$RestartingClassPathChangeChangedEventListener:211  [32m                  [0;39m Restarting due to 1 class path change (0 additions, 1 deletion, 0 modifications)
2024-10-27 20:26:51.225 INFO  org.apache.coyote.http11.Http11NioProtocol        :173  [32m                  [0;39m Pausing ProtocolHandler ["http-nio-1234"]
2024-10-27 20:26:51.226 INFO  org.apache.catalina.core.StandardService          :173  [32m                  [0;39m Stopping service [Tomcat]
2024-10-27 20:26:51.240 INFO  org.apache.coyote.http11.Http11NioProtocol        :173  [32m                  [0;39m Stopping ProtocolHandler ["http-nio-1234"]
2024-10-27 20:26:51.242 INFO  org.apache.coyote.http11.Http11NioProtocol        :173  [32m                  [0;39m Destroying ProtocolHandler ["http-nio-1234"]
2024-10-27 20:26:52.002 INFO  c.firewall.train.member.config.MemberApplication  :51   [32m                  [0;39m Starting MemberApplication using Java 17.0.11 with PID 14204 (E:\JavaLearning\train\member\target\classes started by firew in E:\JavaLearning\train)
2024-10-27 20:26:52.002 INFO  c.firewall.train.member.config.MemberApplication  :630  [32m                  [0;39m No active profile set, falling back to 1 default profile: "default"
2024-10-27 20:26:52.159 INFO  o.springframework.cloud.context.scope.GenericScope:282  [32m                  [0;39m BeanFactory id=7d67cc54-418e-326c-9460-0b1923be4c0e
2024-10-27 20:26:52.201 INFO  o.s.boot.web.embedded.tomcat.TomcatWebServer      :114  [32m                  [0;39m Tomcat initialized with port(s): 1234 (http)
2024-10-27 20:26:52.202 INFO  org.apache.coyote.http11.Http11NioProtocol        :173  [32m                  [0;39m Initializing ProtocolHandler ["http-nio-1234"]
2024-10-27 20:26:52.203 INFO  org.apache.catalina.core.StandardService          :173  [32m                  [0;39m Starting service [Tomcat]
2024-10-27 20:26:52.203 INFO  org.apache.catalina.core.StandardEngine           :173  [32m                  [0;39m Starting Servlet engine: [Apache Tomcat/10.1.1]
2024-10-27 20:26:52.222 INFO  o.a.c.c.C.[Tomcat].[localhost].[/member]          :173  [32m                  [0;39m Initializing Spring embedded WebApplicationContext
2024-10-27 20:26:52.222 INFO  o.s.b.w.s.c.ServletWebServerApplicationContext    :291  [32m                  [0;39m Root WebApplicationContext: initialization completed in 217 ms
2024-10-27 20:26:52.279 INFO  o.s.b.d.autoconfigure.OptionalLiveReloadServer    :59   [32m                  [0;39m LiveReload server is running on port 35729
2024-10-27 20:26:52.844 INFO  org.apache.coyote.http11.Http11NioProtocol        :173  [32m                  [0;39m Starting ProtocolHandler ["http-nio-1234"]
2024-10-27 20:26:52.847 INFO  o.s.boot.web.embedded.tomcat.TomcatWebServer      :226  [32m                  [0;39m Tomcat started on port(s): 1234 (http) with context path '/member'
2024-10-27 20:26:53.320 INFO  c.firewall.train.member.config.MemberApplication  :57   [32m                  [0;39m Started MemberApplication in 2.041 seconds (process running for 79.579)
2024-10-27 20:26:53.321 INFO  o.s.b.d.a.ConditionEvaluationDeltaLoggingListener :63   [32m                  [0;39m Condition evaluation unchanged
2024-10-27 20:26:53.322 INFO  c.firewall.train.member.config.MemberApplication  :17   [32m                  [0;39m 启动成功！
2024-10-27 20:26:53.322 INFO  c.firewall.train.member.config.MemberApplication  :18   [32m                  [0;39m Member地址: 	http://127.0.0.1:1234
2024-10-27 20:29:32.081 INFO  o.s.b.d.a.LocalDevToolsAutoConfiguration$RestartingClassPathChangeChangedEventListener:211  [32m                  [0;39m Restarting due to 1 class path change (1 addition, 0 deletions, 0 modifications)
2024-10-27 20:29:32.112 INFO  org.apache.coyote.http11.Http11NioProtocol        :173  [32m                  [0;39m Pausing ProtocolHandler ["http-nio-1234"]
2024-10-27 20:29:32.112 INFO  org.apache.catalina.core.StandardService          :173  [32m                  [0;39m Stopping service [Tomcat]
2024-10-27 20:29:32.113 INFO  org.apache.coyote.http11.Http11NioProtocol        :173  [32m                  [0;39m Stopping ProtocolHandler ["http-nio-1234"]
2024-10-27 20:29:32.115 INFO  org.apache.coyote.http11.Http11NioProtocol        :173  [32m                  [0;39m Destroying ProtocolHandler ["http-nio-1234"]
2024-10-27 20:29:32.723 INFO  c.firewall.train.member.config.MemberApplication  :51   [32m                  [0;39m Starting MemberApplication using Java 17.0.11 with PID 14204 (E:\JavaLearning\train\member\target\classes started by firew in E:\JavaLearning\train)
2024-10-27 20:29:32.724 INFO  c.firewall.train.member.config.MemberApplication  :630  [32m                  [0;39m No active profile set, falling back to 1 default profile: "default"
2024-10-27 20:29:32.831 INFO  o.springframework.cloud.context.scope.GenericScope:282  [32m                  [0;39m BeanFactory id=9bb3dc1e-c01b-3b01-a5d5-981d040bf2af
2024-10-27 20:29:32.834 WARN  o.s.b.w.s.c.AnnotationConfigServletWebServerApplicationContext:592  [32m                  [0;39m Exception encountered during context initialization - cancelling refresh attempt: org.springframework.beans.factory.BeanCreationException: Error creating bean with name 'configurationPropertiesBeans' defined in class path resource [org/springframework/cloud/autoconfigure/ConfigurationPropertiesRebinderAutoConfiguration.class]: BeanPostProcessor before instantiation of bean failed
2024-10-27 20:29:32.839 INFO  o.s.b.a.logging.ConditionEvaluationReportLogger   :82   [32m                  [0;39m 

Error starting ApplicationContext. To display the condition evaluation report re-run your application with 'debug' enabled.
2024-10-27 20:29:32.852 ERROR org.springframework.boot.SpringApplication        :820  [32m                  [0;39m Application run failed
org.springframework.beans.factory.BeanCreationException: Error creating bean with name 'configurationPropertiesBeans' defined in class path resource [org/springframework/cloud/autoconfigure/ConfigurationPropertiesRebinderAutoConfiguration.class]: BeanPostProcessor before instantiation of bean failed
	at org.springframework.beans.factory.support.AbstractAutowireCapableBeanFactory.createBean(AbstractAutowireCapableBeanFactory.java:516)
	at org.springframework.beans.factory.support.AbstractBeanFactory.lambda$doGetBean$0(AbstractBeanFactory.java:326)
	at org.springframework.beans.factory.support.DefaultSingletonBeanRegistry.getSingleton(DefaultSingletonBeanRegistry.java:234)
	at org.springframework.beans.factory.support.AbstractBeanFactory.doGetBean(AbstractBeanFactory.java:324)
	at org.springframework.beans.factory.support.AbstractBeanFactory.getBean(AbstractBeanFactory.java:205)
	at org.springframework.context.support.PostProcessorRegistrationDelegate.registerBeanPostProcessors(PostProcessorRegistrationDelegate.java:273)
	at org.springframework.context.support.AbstractApplicationContext.registerBeanPostProcessors(AbstractApplicationContext.java:761)
	at org.springframework.context.support.AbstractApplicationContext.refresh(AbstractApplicationContext.java:568)
	at org.springframework.boot.web.servlet.context.ServletWebServerApplicationContext.refresh(ServletWebServerApplicationContext.java:146)
	at org.springframework.boot.SpringApplication.refresh(SpringApplication.java:730)
	at org.springframework.boot.SpringApplication.refreshContext(SpringApplication.java:432)
	at org.springframework.boot.SpringApplication.run(SpringApplication.java:308)
	at com.firewall.train.member.config.MemberApplication.main(MemberApplication.java:16)
	at java.base/jdk.internal.reflect.NativeMethodAccessorImpl.invoke0(Native Method)
	at java.base/jdk.internal.reflect.NativeMethodAccessorImpl.invoke(NativeMethodAccessorImpl.java:77)
	at java.base/jdk.internal.reflect.DelegatingMethodAccessorImpl.invoke(DelegatingMethodAccessorImpl.java:43)
	at java.base/java.lang.reflect.Method.invoke(Method.java:568)
	at org.springframework.boot.devtools.restart.RestartLauncher.run(RestartLauncher.java:49)
Caused by: java.lang.NoClassDefFoundError: com/alibaba/fastjson/serializer/SerializeFilter
	at java.base/java.lang.Class.getDeclaredFields0(Native Method)
	at java.base/java.lang.Class.privateGetDeclaredFields(Class.java:3297)
	at java.base/java.lang.Class.getDeclaredFields(Class.java:2371)
	at org.springframework.aop.aspectj.annotation.AbstractAspectJAdvisorFactory.compiledByAjc(AbstractAspectJAdvisorFactory.java:95)
	at org.springframework.aop.aspectj.annotation.AbstractAspectJAdvisorFactory.isAspect(AbstractAspectJAdvisorFactory.java:80)
	at org.springframework.aop.aspectj.annotation.BeanFactoryAspectJAdvisorsBuilder.buildAspectJAdvisors(BeanFactoryAspectJAdvisorsBuilder.java:104)
	at org.springframework.aop.aspectj.annotation.AnnotationAwareAspectJAutoProxyCreator.findCandidateAdvisors(AnnotationAwareAspectJAutoProxyCreator.java:95)
	at org.springframework.aop.aspectj.autoproxy.AspectJAwareAdvisorAutoProxyCreator.shouldSkip(AspectJAwareAdvisorAutoProxyCreator.java:101)
	at org.springframework.aop.framework.autoproxy.AbstractAutoProxyCreator.postProcessBeforeInstantiation(AbstractAutoProxyCreator.java:280)
	at org.springframework.beans.factory.support.AbstractAutowireCapableBeanFactory.applyBeanPostProcessorsBeforeInstantiation(AbstractAutowireCapableBeanFactory.java:1126)
	at org.springframework.beans.factory.support.AbstractAutowireCapableBeanFactory.resolveBeforeInstantiation(AbstractAutowireCapableBeanFactory.java:1101)
	at org.springframework.beans.factory.support.AbstractAutowireCapableBeanFactory.createBean(AbstractAutowireCapableBeanFactory.java:510)
	... 17 common frames omitted
Caused by: java.lang.ClassNotFoundException: com.alibaba.fastjson.serializer.SerializeFilter
	at java.base/jdk.internal.loader.BuiltinClassLoader.loadClass(BuiltinClassLoader.java:641)
	at java.base/jdk.internal.loader.ClassLoaders$AppClassLoader.loadClass(ClassLoaders.java:188)
	at java.base/java.lang.ClassLoader.loadClass(ClassLoader.java:520)
	at java.base/java.lang.Class.forName0(Native Method)
	at java.base/java.lang.Class.forName(Class.java:467)
	at org.springframework.boot.devtools.restart.classloader.RestartClassLoader.loadClass(RestartClassLoader.java:121)
	at java.base/java.lang.ClassLoader.loadClass(ClassLoader.java:520)
	... 29 common frames omitted
2024-10-27 20:46:37.843 INFO  c.firewall.train.member.config.MemberApplication  :51   [32m                  [0;39m Starting MemberApplication using Java 17.0.11 with PID 17528 (E:\JavaLearning\train\member\target\classes started by firew in E:\JavaLearning\train)
2024-10-27 20:46:37.847 INFO  c.firewall.train.member.config.MemberApplication  :630  [32m                  [0;39m No active profile set, falling back to 1 default profile: "default"
2024-10-27 20:46:37.899 INFO  o.s.b.d.env.DevToolsPropertyDefaultsPostProcessor :250  [32m                  [0;39m Devtools property defaults active! Set 'spring.devtools.add-properties' to 'false' to disable
2024-10-27 20:46:37.899 INFO  o.s.b.d.env.DevToolsPropertyDefaultsPostProcessor :250  [32m                  [0;39m For additional web related logging consider setting the 'logging.level.web' property to 'DEBUG'
2024-10-27 20:46:38.597 INFO  o.springframework.cloud.context.scope.GenericScope:282  [32m                  [0;39m BeanFactory id=9bb3dc1e-c01b-3b01-a5d5-981d040bf2af
2024-10-27 20:46:39.220 INFO  o.s.boot.web.embedded.tomcat.TomcatWebServer      :114  [32m                  [0;39m Tomcat initialized with port(s): 1234 (http)
2024-10-27 20:46:39.231 INFO  org.apache.coyote.http11.Http11NioProtocol        :173  [32m                  [0;39m Initializing ProtocolHandler ["http-nio-1234"]
2024-10-27 20:46:39.232 INFO  org.apache.catalina.core.StandardService          :173  [32m                  [0;39m Starting service [Tomcat]
2024-10-27 20:46:39.232 INFO  org.apache.catalina.core.StandardEngine           :173  [32m                  [0;39m Starting Servlet engine: [Apache Tomcat/10.1.1]
2024-10-27 20:46:39.286 INFO  o.a.c.c.C.[Tomcat].[localhost].[/member]          :173  [32m                  [0;39m Initializing Spring embedded WebApplicationContext
2024-10-27 20:46:39.286 INFO  o.s.b.w.s.c.ServletWebServerApplicationContext    :291  [32m                  [0;39m Root WebApplicationContext: initialization completed in 1386 ms
2024-10-27 20:46:39.753 INFO  o.s.b.d.autoconfigure.OptionalLiveReloadServer    :59   [32m                  [0;39m LiveReload server is running on port 35729
2024-10-27 20:46:40.319 INFO  org.apache.coyote.http11.Http11NioProtocol        :173  [32m                  [0;39m Starting ProtocolHandler ["http-nio-1234"]
2024-10-27 20:46:40.334 INFO  o.s.boot.web.embedded.tomcat.TomcatWebServer      :226  [32m                  [0;39m Tomcat started on port(s): 1234 (http) with context path '/member'
2024-10-27 20:46:40.895 INFO  c.firewall.train.member.config.MemberApplication  :57   [32m                  [0;39m Started MemberApplication in 4.32 seconds (process running for 5.429)
2024-10-27 20:46:40.900 INFO  c.firewall.train.member.config.MemberApplication  :17   [32m                  [0;39m 启动成功！
2024-10-27 20:46:40.901 INFO  c.firewall.train.member.config.MemberApplication  :18   [32m                  [0;39m Member地址: 	http://127.0.0.1:1234
2024-10-27 20:46:57.795 INFO  o.a.c.c.C.[Tomcat].[localhost].[/member]          :173  [32m                  [0;39m Initializing Spring DispatcherServlet 'dispatcherServlet'
2024-10-27 20:46:57.795 INFO  org.springframework.web.servlet.DispatcherServlet :525  [32m                  [0;39m Initializing Servlet 'dispatcherServlet'
2024-10-27 20:46:57.796 INFO  org.springframework.web.servlet.DispatcherServlet :547  [32m                  [0;39m Completed initialization in 1 ms
2024-10-27 20:46:57.835 INFO  com.firewall.train.member.aspect.LogAspect        :54   [32m1730033217827z4v  [0;39m ------------- 开始 -------------
2024-10-27 20:46:57.836 INFO  com.firewall.train.member.aspect.LogAspect        :55   [32m1730033217827z4v  [0;39m 请求地址: http://127.0.0.1:1234/member/hello GET
2024-10-27 20:46:57.836 INFO  com.firewall.train.member.aspect.LogAspect        :56   [32m1730033217827z4v  [0;39m 类名方法: com.firewall.train.member.controller.MemberController.hello
2024-10-27 20:46:57.837 INFO  com.firewall.train.member.aspect.LogAspect        :57   [32m1730033217827z4v  [0;39m 远程地址: 127.0.0.1
2024-10-27 20:46:57.894 INFO  com.firewall.train.member.aspect.LogAspect        :78   [32m1730033217827z4v  [0;39m 请求参数: []
2024-10-27 20:46:57.895 INFO  com.firewall.train.member.aspect.LogAspect        :90   [32m1730033217827z4v  [0;39m 返回结果: "Hello, World123!"
2024-10-27 20:46:57.896 INFO  com.firewall.train.member.aspect.LogAspect        :91   [32m1730033217827z4v  [0;39m ------------- 结束 耗时：69 ms -------------
2024-10-27 20:49:37.043 INFO  o.s.b.d.a.LocalDevToolsAutoConfiguration$RestartingClassPathChangeChangedEventListener:211  [32m                  [0;39m Restarting due to 1 class path change (0 additions, 0 deletions, 1 modification)
2024-10-27 20:49:37.076 INFO  org.apache.coyote.http11.Http11NioProtocol        :173  [32m                  [0;39m Pausing ProtocolHandler ["http-nio-1234"]
2024-10-27 20:49:37.077 INFO  org.apache.catalina.core.StandardService          :173  [32m                  [0;39m Stopping service [Tomcat]
2024-10-27 20:49:37.078 INFO  o.a.c.c.C.[Tomcat].[localhost].[/member]          :173  [32m                  [0;39m Destroying Spring FrameworkServlet 'dispatcherServlet'
2024-10-27 20:49:37.082 INFO  org.apache.coyote.http11.Http11NioProtocol        :173  [32m                  [0;39m Stopping ProtocolHandler ["http-nio-1234"]
2024-10-27 20:49:37.084 INFO  org.apache.coyote.http11.Http11NioProtocol        :173  [32m                  [0;39m Destroying ProtocolHandler ["http-nio-1234"]
2024-10-27 20:49:37.749 INFO  c.firewall.train.member.config.MemberApplication  :51   [32m                  [0;39m Starting MemberApplication using Java 17.0.11 with PID 17528 (E:\JavaLearning\train\member\target\classes started by firew in E:\JavaLearning\train)
2024-10-27 20:49:37.749 INFO  c.firewall.train.member.config.MemberApplication  :630  [32m                  [0;39m No active profile set, falling back to 1 default profile: "default"
2024-10-27 20:49:37.917 INFO  o.springframework.cloud.context.scope.GenericScope:282  [32m                  [0;39m BeanFactory id=9bb3dc1e-c01b-3b01-a5d5-981d040bf2af
2024-10-27 20:49:38.040 INFO  o.s.boot.web.embedded.tomcat.TomcatWebServer      :114  [32m                  [0;39m Tomcat initialized with port(s): 1234 (http)
2024-10-27 20:49:38.041 INFO  org.apache.coyote.http11.Http11NioProtocol        :173  [32m                  [0;39m Initializing ProtocolHandler ["http-nio-1234"]
2024-10-27 20:49:38.041 INFO  org.apache.catalina.core.StandardService          :173  [32m                  [0;39m Starting service [Tomcat]
2024-10-27 20:49:38.042 INFO  org.apache.catalina.core.StandardEngine           :173  [32m                  [0;39m Starting Servlet engine: [Apache Tomcat/10.1.1]
2024-10-27 20:49:38.064 INFO  o.a.c.c.C.[Tomcat].[localhost].[/member]          :173  [32m                  [0;39m Initializing Spring embedded WebApplicationContext
2024-10-27 20:49:38.064 INFO  o.s.b.w.s.c.ServletWebServerApplicationContext    :291  [32m                  [0;39m Root WebApplicationContext: initialization completed in 312 ms
2024-10-27 20:49:38.269 INFO  o.s.b.d.autoconfigure.OptionalLiveReloadServer    :59   [32m                  [0;39m LiveReload server is running on port 35729
2024-10-27 20:49:38.794 INFO  org.apache.coyote.http11.Http11NioProtocol        :173  [32m                  [0;39m Starting ProtocolHandler ["http-nio-1234"]
2024-10-27 20:49:38.798 INFO  o.s.boot.web.embedded.tomcat.TomcatWebServer      :226  [32m                  [0;39m Tomcat started on port(s): 1234 (http) with context path '/member'
2024-10-27 20:49:39.311 INFO  c.firewall.train.member.config.MemberApplication  :57   [32m                  [0;39m Started MemberApplication in 2.183 seconds (process running for 183.845)
2024-10-27 20:49:39.313 INFO  o.s.b.d.a.ConditionEvaluationDeltaLoggingListener :63   [32m                  [0;39m Condition evaluation unchanged
2024-10-27 20:49:39.313 INFO  c.firewall.train.member.config.MemberApplication  :17   [32m                  [0;39m 启动成功！
2024-10-27 20:49:39.313 INFO  c.firewall.train.member.config.MemberApplication  :18   [32m                  [0;39m Member地址: 	http://127.0.0.1:1234
2024-10-27 21:02:06.905 INFO  c.firewall.train.member.config.MemberApplication  :51   [32m                  [0;39m Starting MemberApplication using Java 17.0.11 with PID 28916 (E:\JavaLearning\train\member\target\classes started by firew in E:\JavaLearning\train)
2024-10-27 21:02:06.908 INFO  c.firewall.train.member.config.MemberApplication  :630  [32m                  [0;39m No active profile set, falling back to 1 default profile: "default"
2024-10-27 21:02:06.953 INFO  o.s.b.d.env.DevToolsPropertyDefaultsPostProcessor :250  [32m                  [0;39m Devtools property defaults active! Set 'spring.devtools.add-properties' to 'false' to disable
2024-10-27 21:02:06.953 INFO  o.s.b.d.env.DevToolsPropertyDefaultsPostProcessor :250  [32m                  [0;39m For additional web related logging consider setting the 'logging.level.web' property to 'DEBUG'
2024-10-27 21:02:07.497 INFO  o.springframework.cloud.context.scope.GenericScope:282  [32m                  [0;39m BeanFactory id=9bb3dc1e-c01b-3b01-a5d5-981d040bf2af
2024-10-27 21:02:08.244 INFO  o.s.boot.web.embedded.tomcat.TomcatWebServer      :114  [32m                  [0;39m Tomcat initialized with port(s): 1234 (http)
2024-10-27 21:02:08.253 INFO  org.apache.coyote.http11.Http11NioProtocol        :173  [32m                  [0;39m Initializing ProtocolHandler ["http-nio-1234"]
2024-10-27 21:02:08.254 INFO  org.apache.catalina.core.StandardService          :173  [32m                  [0;39m Starting service [Tomcat]
2024-10-27 21:02:08.255 INFO  org.apache.catalina.core.StandardEngine           :173  [32m                  [0;39m Starting Servlet engine: [Apache Tomcat/10.1.1]
2024-10-27 21:02:08.311 INFO  o.a.c.c.C.[Tomcat].[localhost].[/member]          :173  [32m                  [0;39m Initializing Spring embedded WebApplicationContext
2024-10-27 21:02:08.312 INFO  o.s.b.w.s.c.ServletWebServerApplicationContext    :291  [32m                  [0;39m Root WebApplicationContext: initialization completed in 1358 ms
2024-10-27 21:02:08.785 INFO  o.s.b.d.autoconfigure.OptionalLiveReloadServer    :59   [32m                  [0;39m LiveReload server is running on port 35729
2024-10-27 21:02:09.359 INFO  org.apache.coyote.http11.Http11NioProtocol        :173  [32m                  [0;39m Starting ProtocolHandler ["http-nio-1234"]
2024-10-27 21:02:09.378 INFO  o.s.boot.web.embedded.tomcat.TomcatWebServer      :226  [32m                  [0;39m Tomcat started on port(s): 1234 (http) with context path '/member'
2024-10-27 21:02:09.956 INFO  c.firewall.train.member.config.MemberApplication  :57   [32m                  [0;39m Started MemberApplication in 4.196 seconds (process running for 5.284)
2024-10-27 21:02:09.959 INFO  c.firewall.train.member.config.MemberApplication  :17   [32m                  [0;39m 启动成功！
2024-10-27 21:02:09.960 INFO  c.firewall.train.member.config.MemberApplication  :18   [32m                  [0;39m Member地址: 	http://127.0.0.1:1234
2024-10-27 21:02:14.670 INFO  o.a.c.c.C.[Tomcat].[localhost].[/member]          :173  [32m                  [0;39m Initializing Spring DispatcherServlet 'dispatcherServlet'
2024-10-27 21:02:14.670 INFO  org.springframework.web.servlet.DispatcherServlet :525  [32m                  [0;39m Initializing Servlet 'dispatcherServlet'
2024-10-27 21:02:14.672 INFO  org.springframework.web.servlet.DispatcherServlet :547  [32m                  [0;39m Completed initialization in 1 ms
2024-10-27 21:02:14.723 INFO  com.firewall.train.member.aspect.LogAspect        :54   [32m17300341347134b2  [0;39m ------------- 开始 -------------
2024-10-27 21:02:14.726 INFO  com.firewall.train.member.aspect.LogAspect        :55   [32m17300341347134b2  [0;39m 请求地址: http://127.0.0.1:1234/member/hello GET
2024-10-27 21:02:14.727 INFO  com.firewall.train.member.aspect.LogAspect        :56   [32m17300341347134b2  [0;39m 类名方法: com.firewall.train.member.controller.MemberController.hello
2024-10-27 21:02:14.728 INFO  com.firewall.train.member.aspect.LogAspect        :57   [32m17300341347134b2  [0;39m 远程地址: 127.0.0.1
2024-10-27 21:02:14.809 INFO  com.firewall.train.member.aspect.LogAspect        :78   [32m17300341347134b2  [0;39m 请求参数: []
2024-10-27 21:02:14.813 INFO  com.firewall.train.member.aspect.LogAspect        :90   [32m17300341347134b2  [0;39m 返回结果: "Hello, World123!"
2024-10-27 21:02:14.816 INFO  com.firewall.train.member.aspect.LogAspect        :91   [32m17300341347134b2  [0;39m ------------- 结束 耗时：104 ms -------------
2024-10-27 21:03:08.399 INFO  com.firewall.train.member.aspect.LogAspect        :54   [32m1730034188399bma  [0;39m ------------- 开始 -------------
2024-10-27 21:03:08.400 INFO  com.firewall.train.member.aspect.LogAspect        :55   [32m1730034188399bma  [0;39m 请求地址: http://127.0.0.1:1234/member/hello GET
2024-10-27 21:03:08.401 INFO  com.firewall.train.member.aspect.LogAspect        :56   [32m1730034188399bma  [0;39m 类名方法: com.firewall.train.member.controller.MemberController.hello
2024-10-27 21:03:08.401 INFO  com.firewall.train.member.aspect.LogAspect        :57   [32m1730034188399bma  [0;39m 远程地址: 127.0.0.1
2024-10-27 21:03:08.402 INFO  com.firewall.train.member.aspect.LogAspect        :78   [32m1730034188399bma  [0;39m 请求参数: []
2024-10-27 21:03:08.402 INFO  com.firewall.train.member.aspect.LogAspect        :90   [32m1730034188399bma  [0;39m 返回结果: "Hello, World123!"
2024-10-27 21:03:08.402 INFO  com.firewall.train.member.aspect.LogAspect        :91   [32m1730034188399bma  [0;39m ------------- 结束 耗时：3 ms -------------
2024-10-27 21:03:09.352 INFO  o.s.b.d.a.LocalDevToolsAutoConfiguration$RestartingClassPathChangeChangedEventListener:211  [32m                  [0;39m Restarting due to 1 class path change (0 additions, 0 deletions, 1 modification)
2024-10-27 21:03:09.391 INFO  org.apache.coyote.http11.Http11NioProtocol        :173  [32m                  [0;39m Pausing ProtocolHandler ["http-nio-1234"]
2024-10-27 21:03:09.392 INFO  org.apache.catalina.core.StandardService          :173  [32m                  [0;39m Stopping service [Tomcat]
2024-10-27 21:03:09.393 INFO  o.a.c.c.C.[Tomcat].[localhost].[/member]          :173  [32m                  [0;39m Destroying Spring FrameworkServlet 'dispatcherServlet'
2024-10-27 21:03:09.399 INFO  org.apache.coyote.http11.Http11NioProtocol        :173  [32m                  [0;39m Stopping ProtocolHandler ["http-nio-1234"]
2024-10-27 21:03:09.401 INFO  org.apache.coyote.http11.Http11NioProtocol        :173  [32m                  [0;39m Destroying ProtocolHandler ["http-nio-1234"]
2024-10-27 21:03:10.311 INFO  c.firewall.train.member.config.MemberApplication  :51   [32m                  [0;39m Starting MemberApplication using Java 17.0.11 with PID 28916 (E:\JavaLearning\train\member\target\classes started by firew in E:\JavaLearning\train)
2024-10-27 21:03:10.311 INFO  c.firewall.train.member.config.MemberApplication  :630  [32m                  [0;39m No active profile set, falling back to 1 default profile: "default"
2024-10-27 21:03:10.558 INFO  o.springframework.cloud.context.scope.GenericScope:282  [32m                  [0;39m BeanFactory id=9bb3dc1e-c01b-3b01-a5d5-981d040bf2af
2024-10-27 21:03:10.767 INFO  o.s.boot.web.embedded.tomcat.TomcatWebServer      :114  [32m                  [0;39m Tomcat initialized with port(s): 1234 (http)
2024-10-27 21:03:10.769 INFO  org.apache.coyote.http11.Http11NioProtocol        :173  [32m                  [0;39m Initializing ProtocolHandler ["http-nio-1234"]
2024-10-27 21:03:10.771 INFO  org.apache.catalina.core.StandardService          :173  [32m                  [0;39m Starting service [Tomcat]
2024-10-27 21:03:10.771 INFO  org.apache.catalina.core.StandardEngine           :173  [32m                  [0;39m Starting Servlet engine: [Apache Tomcat/10.1.1]
2024-10-27 21:03:10.807 INFO  o.a.c.c.C.[Tomcat].[localhost].[/member]          :173  [32m                  [0;39m Initializing Spring embedded WebApplicationContext
2024-10-27 21:03:10.808 INFO  o.s.b.w.s.c.ServletWebServerApplicationContext    :291  [32m                  [0;39m Root WebApplicationContext: initialization completed in 494 ms
2024-10-27 21:03:11.541 INFO  o.s.b.d.autoconfigure.OptionalLiveReloadServer    :59   [32m                  [0;39m LiveReload server is running on port 35729
2024-10-27 21:03:12.751 INFO  org.apache.coyote.http11.Http11NioProtocol        :173  [32m                  [0;39m Starting ProtocolHandler ["http-nio-1234"]
2024-10-27 21:03:12.757 INFO  o.s.boot.web.embedded.tomcat.TomcatWebServer      :226  [32m                  [0;39m Tomcat started on port(s): 1234 (http) with context path '/member'
2024-10-27 21:03:13.356 INFO  c.firewall.train.member.config.MemberApplication  :57   [32m                  [0;39m Started MemberApplication in 3.912 seconds (process running for 68.684)
2024-10-27 21:03:13.358 INFO  o.s.b.d.a.ConditionEvaluationDeltaLoggingListener :63   [32m                  [0;39m Condition evaluation unchanged
2024-10-27 21:03:13.358 INFO  c.firewall.train.member.config.MemberApplication  :17   [32m                  [0;39m 启动成功！
2024-10-27 21:03:13.359 INFO  c.firewall.train.member.config.MemberApplication  :18   [32m                  [0;39m Member地址: 	http://127.0.0.1:1234
2024-10-27 21:03:13.380 INFO  o.s.b.d.a.LocalDevToolsAutoConfiguration$RestartingClassPathChangeChangedEventListener:211  [32m                  [0;39m Restarting due to 3 class path changes (0 additions, 0 deletions, 3 modifications)
2024-10-27 21:03:13.424 INFO  org.apache.coyote.http11.Http11NioProtocol        :173  [32m                  [0;39m Pausing ProtocolHandler ["http-nio-1234"]
2024-10-27 21:03:13.424 INFO  org.apache.catalina.core.StandardService          :173  [32m                  [0;39m Stopping service [Tomcat]
2024-10-27 21:03:13.426 INFO  org.apache.coyote.http11.Http11NioProtocol        :173  [32m                  [0;39m Stopping ProtocolHandler ["http-nio-1234"]
2024-10-27 21:03:13.427 INFO  org.apache.coyote.http11.Http11NioProtocol        :173  [32m                  [0;39m Destroying ProtocolHandler ["http-nio-1234"]
2024-10-27 21:03:14.105 INFO  c.firewall.train.member.config.MemberApplication  :51   [32m                  [0;39m Starting MemberApplication using Java 17.0.11 with PID 28916 (E:\JavaLearning\train\member\target\classes started by firew in E:\JavaLearning\train)
2024-10-27 21:03:14.106 INFO  c.firewall.train.member.config.MemberApplication  :630  [32m                  [0;39m No active profile set, falling back to 1 default profile: "default"
2024-10-27 21:03:14.256 INFO  o.springframework.cloud.context.scope.GenericScope:282  [32m                  [0;39m BeanFactory id=9bb3dc1e-c01b-3b01-a5d5-981d040bf2af
2024-10-27 21:03:14.365 INFO  o.s.boot.web.embedded.tomcat.TomcatWebServer      :114  [32m                  [0;39m Tomcat initialized with port(s): 1234 (http)
2024-10-27 21:03:14.366 INFO  org.apache.coyote.http11.Http11NioProtocol        :173  [32m                  [0;39m Initializing ProtocolHandler ["http-nio-1234"]
2024-10-27 21:03:14.366 INFO  org.apache.catalina.core.StandardService          :173  [32m                  [0;39m Starting service [Tomcat]
2024-10-27 21:03:14.367 INFO  org.apache.catalina.core.StandardEngine           :173  [32m                  [0;39m Starting Servlet engine: [Apache Tomcat/10.1.1]
2024-10-27 21:03:14.384 INFO  o.a.c.c.C.[Tomcat].[localhost].[/member]          :173  [32m                  [0;39m Initializing Spring embedded WebApplicationContext
2024-10-27 21:03:14.384 INFO  o.s.b.w.s.c.ServletWebServerApplicationContext    :291  [32m                  [0;39m Root WebApplicationContext: initialization completed in 276 ms
2024-10-27 21:03:14.620 INFO  o.s.b.d.autoconfigure.OptionalLiveReloadServer    :59   [32m                  [0;39m LiveReload server is running on port 35729
2024-10-27 21:03:15.202 INFO  org.apache.coyote.http11.Http11NioProtocol        :173  [32m                  [0;39m Starting ProtocolHandler ["http-nio-1234"]
2024-10-27 21:03:15.205 INFO  o.s.boot.web.embedded.tomcat.TomcatWebServer      :226  [32m                  [0;39m Tomcat started on port(s): 1234 (http) with context path '/member'
2024-10-27 21:03:15.696 INFO  c.firewall.train.member.config.MemberApplication  :57   [32m                  [0;39m Started MemberApplication in 2.215 seconds (process running for 71.023)
2024-10-27 21:03:15.697 INFO  o.s.b.d.a.ConditionEvaluationDeltaLoggingListener :63   [32m                  [0;39m Condition evaluation unchanged
2024-10-27 21:03:15.697 INFO  c.firewall.train.member.config.MemberApplication  :17   [32m                  [0;39m 启动成功！
2024-10-27 21:03:15.698 INFO  c.firewall.train.member.config.MemberApplication  :18   [32m                  [0;39m Member地址: 	http://127.0.0.1:1234
2024-10-27 21:03:35.967 INFO  c.firewall.train.member.config.MemberApplication  :51   [32m                  [0;39m Starting MemberApplication using Java 17.0.11 with PID 13560 (E:\JavaLearning\train\member\target\classes started by firew in E:\JavaLearning\train)
2024-10-27 21:03:35.971 INFO  c.firewall.train.member.config.MemberApplication  :630  [32m                  [0;39m No active profile set, falling back to 1 default profile: "default"
2024-10-27 21:03:36.045 INFO  o.s.b.d.env.DevToolsPropertyDefaultsPostProcessor :250  [32m                  [0;39m Devtools property defaults active! Set 'spring.devtools.add-properties' to 'false' to disable
2024-10-27 21:03:36.046 INFO  o.s.b.d.env.DevToolsPropertyDefaultsPostProcessor :250  [32m                  [0;39m For additional web related logging consider setting the 'logging.level.web' property to 'DEBUG'
2024-10-27 21:03:36.251 WARN  o.s.b.w.s.c.AnnotationConfigServletWebServerApplicationContext:592  [32m                  [0;39m Exception encountered during context initialization - cancelling refresh attempt: org.springframework.beans.factory.BeanDefinitionStoreException: Failed to parse configuration class [com.firewall.train.member.config.MemberApplication]
2024-10-27 21:03:36.329 ERROR org.springframework.boot.SpringApplication        :820  [32m                  [0;39m Application run failed
org.springframework.beans.factory.BeanDefinitionStoreException: Failed to parse configuration class [com.firewall.train.member.config.MemberApplication]
	at org.springframework.context.annotation.ConfigurationClassParser.parse(ConfigurationClassParser.java:179)
	at org.springframework.context.annotation.ConfigurationClassPostProcessor.processConfigBeanDefinitions(ConfigurationClassPostProcessor.java:397)
	at org.springframework.context.annotation.ConfigurationClassPostProcessor.postProcessBeanDefinitionRegistry(ConfigurationClassPostProcessor.java:283)
	at org.springframework.context.support.PostProcessorRegistrationDelegate.invokeBeanDefinitionRegistryPostProcessors(PostProcessorRegistrationDelegate.java:344)
	at org.springframework.context.support.PostProcessorRegistrationDelegate.invokeBeanFactoryPostProcessors(PostProcessorRegistrationDelegate.java:115)
	at org.springframework.context.support.AbstractApplicationContext.invokeBeanFactoryPostProcessors(AbstractApplicationContext.java:745)
	at org.springframework.context.support.AbstractApplicationContext.refresh(AbstractApplicationContext.java:565)
	at org.springframework.boot.web.servlet.context.ServletWebServerApplicationContext.refresh(ServletWebServerApplicationContext.java:146)
	at org.springframework.boot.SpringApplication.refresh(SpringApplication.java:730)
	at org.springframework.boot.SpringApplication.refreshContext(SpringApplication.java:432)
	at org.springframework.boot.SpringApplication.run(SpringApplication.java:308)
	at com.firewall.train.member.config.MemberApplication.main(MemberApplication.java:16)
	at java.base/jdk.internal.reflect.NativeMethodAccessorImpl.invoke0(Native Method)
	at java.base/jdk.internal.reflect.NativeMethodAccessorImpl.invoke(NativeMethodAccessorImpl.java:77)
	at java.base/jdk.internal.reflect.DelegatingMethodAccessorImpl.invoke(DelegatingMethodAccessorImpl.java:43)
	at java.base/java.lang.reflect.Method.invoke(Method.java:568)
	at org.springframework.boot.devtools.restart.RestartLauncher.run(RestartLauncher.java:49)
Caused by: org.springframework.context.annotation.ConflictingBeanDefinitionException: Annotation-specified bean name 'logAspect' for bean class [com.firewall.train.common.aspect.LogAspect] conflicts with existing, non-compatible bean definition of same name and class [com.firewall.train.member.aspect.LogAspect]
	at org.springframework.context.annotation.ClassPathBeanDefinitionScanner.checkCandidate(ClassPathBeanDefinitionScanner.java:349)
	at org.springframework.context.annotation.ClassPathBeanDefinitionScanner.doScan(ClassPathBeanDefinitionScanner.java:287)
	at org.springframework.context.annotation.ComponentScanAnnotationParser.parse(ComponentScanAnnotationParser.java:128)
	at org.springframework.context.annotation.ConfigurationClassParser.doProcessConfigurationClass(ConfigurationClassParser.java:290)
	at org.springframework.context.annotation.ConfigurationClassParser.processConfigurationClass(ConfigurationClassParser.java:244)
	at org.springframework.context.annotation.ConfigurationClassParser.parse(ConfigurationClassParser.java:197)
	at org.springframework.context.annotation.ConfigurationClassParser.parse(ConfigurationClassParser.java:165)
	... 16 common frames omitted
2024-10-27 21:03:44.939 INFO  c.firewall.train.member.config.MemberApplication  :51   [32m                  [0;39m Starting MemberApplication using Java 17.0.11 with PID 14700 (E:\JavaLearning\train\member\target\classes started by firew in E:\JavaLearning\train)
2024-10-27 21:03:44.942 INFO  c.firewall.train.member.config.MemberApplication  :630  [32m                  [0;39m No active profile set, falling back to 1 default profile: "default"
2024-10-27 21:03:44.985 INFO  o.s.b.d.env.DevToolsPropertyDefaultsPostProcessor :250  [32m                  [0;39m Devtools property defaults active! Set 'spring.devtools.add-properties' to 'false' to disable
2024-10-27 21:03:44.986 INFO  o.s.b.d.env.DevToolsPropertyDefaultsPostProcessor :250  [32m                  [0;39m For additional web related logging consider setting the 'logging.level.web' property to 'DEBUG'
2024-10-27 21:03:45.062 WARN  o.s.b.w.s.c.AnnotationConfigServletWebServerApplicationContext:592  [32m                  [0;39m Exception encountered during context initialization - cancelling refresh attempt: org.springframework.beans.factory.BeanDefinitionStoreException: Failed to parse configuration class [com.firewall.train.member.config.MemberApplication]
2024-10-27 21:03:45.086 ERROR org.springframework.boot.SpringApplication        :820  [32m                  [0;39m Application run failed
org.springframework.beans.factory.BeanDefinitionStoreException: Failed to parse configuration class [com.firewall.train.member.config.MemberApplication]
	at org.springframework.context.annotation.ConfigurationClassParser.parse(ConfigurationClassParser.java:179)
	at org.springframework.context.annotation.ConfigurationClassPostProcessor.processConfigBeanDefinitions(ConfigurationClassPostProcessor.java:397)
	at org.springframework.context.annotation.ConfigurationClassPostProcessor.postProcessBeanDefinitionRegistry(ConfigurationClassPostProcessor.java:283)
	at org.springframework.context.support.PostProcessorRegistrationDelegate.invokeBeanDefinitionRegistryPostProcessors(PostProcessorRegistrationDelegate.java:344)
	at org.springframework.context.support.PostProcessorRegistrationDelegate.invokeBeanFactoryPostProcessors(PostProcessorRegistrationDelegate.java:115)
	at org.springframework.context.support.AbstractApplicationContext.invokeBeanFactoryPostProcessors(AbstractApplicationContext.java:745)
	at org.springframework.context.support.AbstractApplicationContext.refresh(AbstractApplicationContext.java:565)
	at org.springframework.boot.web.servlet.context.ServletWebServerApplicationContext.refresh(ServletWebServerApplicationContext.java:146)
	at org.springframework.boot.SpringApplication.refresh(SpringApplication.java:730)
	at org.springframework.boot.SpringApplication.refreshContext(SpringApplication.java:432)
	at org.springframework.boot.SpringApplication.run(SpringApplication.java:308)
	at com.firewall.train.member.config.MemberApplication.main(MemberApplication.java:16)
	at java.base/jdk.internal.reflect.NativeMethodAccessorImpl.invoke0(Native Method)
	at java.base/jdk.internal.reflect.NativeMethodAccessorImpl.invoke(NativeMethodAccessorImpl.java:77)
	at java.base/jdk.internal.reflect.DelegatingMethodAccessorImpl.invoke(DelegatingMethodAccessorImpl.java:43)
	at java.base/java.lang.reflect.Method.invoke(Method.java:568)
	at org.springframework.boot.devtools.restart.RestartLauncher.run(RestartLauncher.java:49)
Caused by: org.springframework.context.annotation.ConflictingBeanDefinitionException: Annotation-specified bean name 'logAspect' for bean class [com.firewall.train.common.aspect.LogAspect] conflicts with existing, non-compatible bean definition of same name and class [com.firewall.train.member.aspect.LogAspect]
	at org.springframework.context.annotation.ClassPathBeanDefinitionScanner.checkCandidate(ClassPathBeanDefinitionScanner.java:349)
	at org.springframework.context.annotation.ClassPathBeanDefinitionScanner.doScan(ClassPathBeanDefinitionScanner.java:287)
	at org.springframework.context.annotation.ComponentScanAnnotationParser.parse(ComponentScanAnnotationParser.java:128)
	at org.springframework.context.annotation.ConfigurationClassParser.doProcessConfigurationClass(ConfigurationClassParser.java:290)
	at org.springframework.context.annotation.ConfigurationClassParser.processConfigurationClass(ConfigurationClassParser.java:244)
	at org.springframework.context.annotation.ConfigurationClassParser.parse(ConfigurationClassParser.java:197)
	at org.springframework.context.annotation.ConfigurationClassParser.parse(ConfigurationClassParser.java:165)
	... 16 common frames omitted
2024-10-27 21:03:58.588 INFO  c.firewall.train.member.config.MemberApplication  :51   [32m                  [0;39m Starting MemberApplication using Java 17.0.11 with PID 13320 (E:\JavaLearning\train\member\target\classes started by firew in E:\JavaLearning\train)
2024-10-27 21:03:58.592 INFO  c.firewall.train.member.config.MemberApplication  :630  [32m                  [0;39m No active profile set, falling back to 1 default profile: "default"
2024-10-27 21:03:58.650 INFO  o.s.b.d.env.DevToolsPropertyDefaultsPostProcessor :250  [32m                  [0;39m Devtools property defaults active! Set 'spring.devtools.add-properties' to 'false' to disable
2024-10-27 21:03:58.651 INFO  o.s.b.d.env.DevToolsPropertyDefaultsPostProcessor :250  [32m                  [0;39m For additional web related logging consider setting the 'logging.level.web' property to 'DEBUG'
2024-10-27 21:03:58.914 WARN  o.s.b.w.s.c.AnnotationConfigServletWebServerApplicationContext:592  [32m                  [0;39m Exception encountered during context initialization - cancelling refresh attempt: org.springframework.beans.factory.BeanDefinitionStoreException: Failed to parse configuration class [com.firewall.train.member.config.MemberApplication]
2024-10-27 21:03:58.960 ERROR org.springframework.boot.SpringApplication        :820  [32m                  [0;39m Application run failed
org.springframework.beans.factory.BeanDefinitionStoreException: Failed to parse configuration class [com.firewall.train.member.config.MemberApplication]
	at org.springframework.context.annotation.ConfigurationClassParser.parse(ConfigurationClassParser.java:179)
	at org.springframework.context.annotation.ConfigurationClassPostProcessor.processConfigBeanDefinitions(ConfigurationClassPostProcessor.java:397)
	at org.springframework.context.annotation.ConfigurationClassPostProcessor.postProcessBeanDefinitionRegistry(ConfigurationClassPostProcessor.java:283)
	at org.springframework.context.support.PostProcessorRegistrationDelegate.invokeBeanDefinitionRegistryPostProcessors(PostProcessorRegistrationDelegate.java:344)
	at org.springframework.context.support.PostProcessorRegistrationDelegate.invokeBeanFactoryPostProcessors(PostProcessorRegistrationDelegate.java:115)
	at org.springframework.context.support.AbstractApplicationContext.invokeBeanFactoryPostProcessors(AbstractApplicationContext.java:745)
	at org.springframework.context.support.AbstractApplicationContext.refresh(AbstractApplicationContext.java:565)
	at org.springframework.boot.web.servlet.context.ServletWebServerApplicationContext.refresh(ServletWebServerApplicationContext.java:146)
	at org.springframework.boot.SpringApplication.refresh(SpringApplication.java:730)
	at org.springframework.boot.SpringApplication.refreshContext(SpringApplication.java:432)
	at org.springframework.boot.SpringApplication.run(SpringApplication.java:308)
	at com.firewall.train.member.config.MemberApplication.main(MemberApplication.java:16)
	at java.base/jdk.internal.reflect.NativeMethodAccessorImpl.invoke0(Native Method)
	at java.base/jdk.internal.reflect.NativeMethodAccessorImpl.invoke(NativeMethodAccessorImpl.java:77)
	at java.base/jdk.internal.reflect.DelegatingMethodAccessorImpl.invoke(DelegatingMethodAccessorImpl.java:43)
	at java.base/java.lang.reflect.Method.invoke(Method.java:568)
	at org.springframework.boot.devtools.restart.RestartLauncher.run(RestartLauncher.java:49)
Caused by: org.springframework.context.annotation.ConflictingBeanDefinitionException: Annotation-specified bean name 'logAspect' for bean class [com.firewall.train.common.aspect.LogAspect] conflicts with existing, non-compatible bean definition of same name and class [com.firewall.train.member.aspect.LogAspect]
	at org.springframework.context.annotation.ClassPathBeanDefinitionScanner.checkCandidate(ClassPathBeanDefinitionScanner.java:349)
	at org.springframework.context.annotation.ClassPathBeanDefinitionScanner.doScan(ClassPathBeanDefinitionScanner.java:287)
	at org.springframework.context.annotation.ComponentScanAnnotationParser.parse(ComponentScanAnnotationParser.java:128)
	at org.springframework.context.annotation.ConfigurationClassParser.doProcessConfigurationClass(ConfigurationClassParser.java:290)
	at org.springframework.context.annotation.ConfigurationClassParser.processConfigurationClass(ConfigurationClassParser.java:244)
	at org.springframework.context.annotation.ConfigurationClassParser.parse(ConfigurationClassParser.java:197)
	at org.springframework.context.annotation.ConfigurationClassParser.parse(ConfigurationClassParser.java:165)
	... 16 common frames omitted
2024-10-27 21:04:59.878 INFO  c.firewall.train.member.config.MemberApplication  :51   [32m                  [0;39m Starting MemberApplication using Java 17.0.11 with PID 11104 (E:\JavaLearning\train\member\target\classes started by firew in E:\JavaLearning\train)
2024-10-27 21:04:59.882 INFO  c.firewall.train.member.config.MemberApplication  :630  [32m                  [0;39m No active profile set, falling back to 1 default profile: "default"
2024-10-27 21:04:59.950 INFO  o.s.b.d.env.DevToolsPropertyDefaultsPostProcessor :250  [32m                  [0;39m Devtools property defaults active! Set 'spring.devtools.add-properties' to 'false' to disable
2024-10-27 21:04:59.951 INFO  o.s.b.d.env.DevToolsPropertyDefaultsPostProcessor :250  [32m                  [0;39m For additional web related logging consider setting the 'logging.level.web' property to 'DEBUG'
2024-10-27 21:05:00.109 WARN  o.s.b.w.s.c.AnnotationConfigServletWebServerApplicationContext:592  [32m                  [0;39m Exception encountered during context initialization - cancelling refresh attempt: org.springframework.beans.factory.BeanDefinitionStoreException: Failed to parse configuration class [com.firewall.train.member.config.MemberApplication]
2024-10-27 21:05:00.186 ERROR org.springframework.boot.SpringApplication        :820  [32m                  [0;39m Application run failed
org.springframework.beans.factory.BeanDefinitionStoreException: Failed to parse configuration class [com.firewall.train.member.config.MemberApplication]
	at org.springframework.context.annotation.ConfigurationClassParser.parse(ConfigurationClassParser.java:179)
	at org.springframework.context.annotation.ConfigurationClassPostProcessor.processConfigBeanDefinitions(ConfigurationClassPostProcessor.java:397)
	at org.springframework.context.annotation.ConfigurationClassPostProcessor.postProcessBeanDefinitionRegistry(ConfigurationClassPostProcessor.java:283)
	at org.springframework.context.support.PostProcessorRegistrationDelegate.invokeBeanDefinitionRegistryPostProcessors(PostProcessorRegistrationDelegate.java:344)
	at org.springframework.context.support.PostProcessorRegistrationDelegate.invokeBeanFactoryPostProcessors(PostProcessorRegistrationDelegate.java:115)
	at org.springframework.context.support.AbstractApplicationContext.invokeBeanFactoryPostProcessors(AbstractApplicationContext.java:745)
	at org.springframework.context.support.AbstractApplicationContext.refresh(AbstractApplicationContext.java:565)
	at org.springframework.boot.web.servlet.context.ServletWebServerApplicationContext.refresh(ServletWebServerApplicationContext.java:146)
	at org.springframework.boot.SpringApplication.refresh(SpringApplication.java:730)
	at org.springframework.boot.SpringApplication.refreshContext(SpringApplication.java:432)
	at org.springframework.boot.SpringApplication.run(SpringApplication.java:308)
	at com.firewall.train.member.config.MemberApplication.main(MemberApplication.java:16)
	at java.base/jdk.internal.reflect.NativeMethodAccessorImpl.invoke0(Native Method)
	at java.base/jdk.internal.reflect.NativeMethodAccessorImpl.invoke(NativeMethodAccessorImpl.java:77)
	at java.base/jdk.internal.reflect.DelegatingMethodAccessorImpl.invoke(DelegatingMethodAccessorImpl.java:43)
	at java.base/java.lang.reflect.Method.invoke(Method.java:568)
	at org.springframework.boot.devtools.restart.RestartLauncher.run(RestartLauncher.java:49)
Caused by: org.springframework.context.annotation.ConflictingBeanDefinitionException: Annotation-specified bean name 'logAspect' for bean class [com.firewall.train.common.aspect.LogAspect] conflicts with existing, non-compatible bean definition of same name and class [com.firewall.train.member.aspect.LogAspect]
	at org.springframework.context.annotation.ClassPathBeanDefinitionScanner.checkCandidate(ClassPathBeanDefinitionScanner.java:349)
	at org.springframework.context.annotation.ClassPathBeanDefinitionScanner.doScan(ClassPathBeanDefinitionScanner.java:287)
	at org.springframework.context.annotation.ComponentScanAnnotationParser.parse(ComponentScanAnnotationParser.java:128)
	at org.springframework.context.annotation.ConfigurationClassParser.doProcessConfigurationClass(ConfigurationClassParser.java:290)
	at org.springframework.context.annotation.ConfigurationClassParser.processConfigurationClass(ConfigurationClassParser.java:244)
	at org.springframework.context.annotation.ConfigurationClassParser.parse(ConfigurationClassParser.java:197)
	at org.springframework.context.annotation.ConfigurationClassParser.parse(ConfigurationClassParser.java:165)
	... 16 common frames omitted
2024-10-27 21:06:11.521 INFO  c.firewall.train.member.config.MemberApplication  :51   [32m                  [0;39m Starting MemberApplication using Java 17.0.11 with PID 16748 (E:\JavaLearning\train\member\target\classes started by firew in E:\JavaLearning\train)
2024-10-27 21:06:11.527 INFO  c.firewall.train.member.config.MemberApplication  :630  [32m                  [0;39m No active profile set, falling back to 1 default profile: "default"
2024-10-27 21:06:11.593 INFO  o.s.b.d.env.DevToolsPropertyDefaultsPostProcessor :250  [32m                  [0;39m Devtools property defaults active! Set 'spring.devtools.add-properties' to 'false' to disable
2024-10-27 21:06:11.594 INFO  o.s.b.d.env.DevToolsPropertyDefaultsPostProcessor :250  [32m                  [0;39m For additional web related logging consider setting the 'logging.level.web' property to 'DEBUG'
2024-10-27 21:06:12.398 INFO  o.springframework.cloud.context.scope.GenericScope:282  [32m                  [0;39m BeanFactory id=9bb3dc1e-c01b-3b01-a5d5-981d040bf2af
2024-10-27 21:06:13.256 INFO  o.s.boot.web.embedded.tomcat.TomcatWebServer      :114  [32m                  [0;39m Tomcat initialized with port(s): 1234 (http)
2024-10-27 21:06:13.265 INFO  org.apache.coyote.http11.Http11NioProtocol        :173  [32m                  [0;39m Initializing ProtocolHandler ["http-nio-1234"]
2024-10-27 21:06:13.266 INFO  org.apache.catalina.core.StandardService          :173  [32m                  [0;39m Starting service [Tomcat]
2024-10-27 21:06:13.266 INFO  org.apache.catalina.core.StandardEngine           :173  [32m                  [0;39m Starting Servlet engine: [Apache Tomcat/10.1.1]
2024-10-27 21:06:13.329 INFO  o.a.c.c.C.[Tomcat].[localhost].[/member]          :173  [32m                  [0;39m Initializing Spring embedded WebApplicationContext
2024-10-27 21:06:13.330 INFO  o.s.b.w.s.c.ServletWebServerApplicationContext    :291  [32m                  [0;39m Root WebApplicationContext: initialization completed in 1735 ms
2024-10-27 21:06:14.019 INFO  o.s.b.d.autoconfigure.OptionalLiveReloadServer    :59   [32m                  [0;39m LiveReload server is running on port 35729
2024-10-27 21:06:14.676 INFO  org.apache.coyote.http11.Http11NioProtocol        :173  [32m                  [0;39m Starting ProtocolHandler ["http-nio-1234"]
2024-10-27 21:06:14.698 INFO  o.s.boot.web.embedded.tomcat.TomcatWebServer      :226  [32m                  [0;39m Tomcat started on port(s): 1234 (http) with context path '/member'
2024-10-27 21:06:15.356 INFO  c.firewall.train.member.config.MemberApplication  :57   [32m                  [0;39m Started MemberApplication in 5.124 seconds (process running for 6.605)
2024-10-27 21:06:15.359 INFO  c.firewall.train.member.config.MemberApplication  :17   [32m                  [0;39m 启动成功！
2024-10-27 21:06:15.359 INFO  c.firewall.train.member.config.MemberApplication  :18   [32m                  [0;39m Member地址: 	http://127.0.0.1:1234
2024-10-27 21:06:20.030 INFO  o.a.c.c.C.[Tomcat].[localhost].[/member]          :173  [32m                  [0;39m Initializing Spring DispatcherServlet 'dispatcherServlet'
2024-10-27 21:06:20.030 INFO  org.springframework.web.servlet.DispatcherServlet :525  [32m                  [0;39m Initializing Servlet 'dispatcherServlet'
2024-10-27 21:06:20.032 INFO  org.springframework.web.servlet.DispatcherServlet :547  [32m                  [0;39m Completed initialization in 1 ms
2024-10-27 21:06:20.090 INFO  com.firewall.train.common.aspect.LogAspect        :54   [32m1730034380080n4q  [0;39m ------------- 开始 -------------
2024-10-27 21:06:20.092 INFO  com.firewall.train.common.aspect.LogAspect        :55   [32m1730034380080n4q  [0;39m 请求地址: http://127.0.0.1:1234/member/hello GET
2024-10-27 21:06:20.092 INFO  com.firewall.train.common.aspect.LogAspect        :56   [32m1730034380080n4q  [0;39m 类名方法: com.firewall.train.member.controller.MemberController.hello
2024-10-27 21:06:20.093 INFO  com.firewall.train.common.aspect.LogAspect        :57   [32m1730034380080n4q  [0;39m 远程地址: 127.0.0.1
2024-10-27 21:06:20.162 INFO  com.firewall.train.common.aspect.LogAspect        :78   [32m1730034380080n4q  [0;39m 请求参数: []
2024-10-27 21:06:20.163 INFO  com.firewall.train.common.aspect.LogAspect        :90   [32m1730034380080n4q  [0;39m 返回结果: "Hello, World123!"
2024-10-27 21:06:20.163 INFO  com.firewall.train.common.aspect.LogAspect        :91   [32m1730034380080n4q  [0;39m ------------- 结束 耗时：83 ms -------------
2024-10-27 21:09:22.090 INFO  o.s.b.d.a.LocalDevToolsAutoConfiguration$RestartingClassPathChangeChangedEventListener:211  [32m                  [0;39m Restarting due to 1 class path change (0 additions, 0 deletions, 1 modification)
2024-10-27 21:09:22.133 INFO  org.apache.coyote.http11.Http11NioProtocol        :173  [32m                  [0;39m Pausing ProtocolHandler ["http-nio-1234"]
2024-10-27 21:09:22.134 INFO  org.apache.catalina.core.StandardService          :173  [32m                  [0;39m Stopping service [Tomcat]
2024-10-27 21:09:22.136 INFO  o.a.c.c.C.[Tomcat].[localhost].[/member]          :173  [32m                  [0;39m Destroying Spring FrameworkServlet 'dispatcherServlet'
2024-10-27 21:09:22.142 INFO  org.apache.coyote.http11.Http11NioProtocol        :173  [32m                  [0;39m Stopping ProtocolHandler ["http-nio-1234"]
2024-10-27 21:09:22.145 INFO  org.apache.coyote.http11.Http11NioProtocol        :173  [32m                  [0;39m Destroying ProtocolHandler ["http-nio-1234"]
2024-10-27 21:09:23.064 INFO  c.firewall.train.member.config.MemberApplication  :51   [32m                  [0;39m Starting MemberApplication using Java 17.0.11 with PID 16748 (E:\JavaLearning\train\member\target\classes started by firew in E:\JavaLearning\train)
2024-10-27 21:09:23.065 INFO  c.firewall.train.member.config.MemberApplication  :630  [32m                  [0;39m No active profile set, falling back to 1 default profile: "default"
2024-10-27 21:09:23.316 INFO  o.springframework.cloud.context.scope.GenericScope:282  [32m                  [0;39m BeanFactory id=9bb3dc1e-c01b-3b01-a5d5-981d040bf2af
2024-10-27 21:09:23.459 INFO  o.s.boot.web.embedded.tomcat.TomcatWebServer      :114  [32m                  [0;39m Tomcat initialized with port(s): 1234 (http)
2024-10-27 21:09:23.461 INFO  org.apache.coyote.http11.Http11NioProtocol        :173  [32m                  [0;39m Initializing ProtocolHandler ["http-nio-1234"]
2024-10-27 21:09:23.462 INFO  org.apache.catalina.core.StandardService          :173  [32m                  [0;39m Starting service [Tomcat]
2024-10-27 21:09:23.462 INFO  org.apache.catalina.core.StandardEngine           :173  [32m                  [0;39m Starting Servlet engine: [Apache Tomcat/10.1.1]
2024-10-27 21:09:23.485 INFO  o.a.c.c.C.[Tomcat].[localhost].[/member]          :173  [32m                  [0;39m Initializing Spring embedded WebApplicationContext
2024-10-27 21:09:23.485 INFO  o.s.b.w.s.c.ServletWebServerApplicationContext    :291  [32m                  [0;39m Root WebApplicationContext: initialization completed in 415 ms
2024-10-27 21:09:23.882 INFO  o.s.b.d.autoconfigure.OptionalLiveReloadServer    :59   [32m                  [0;39m LiveReload server is running on port 35729
2024-10-27 21:09:25.032 INFO  org.apache.coyote.http11.Http11NioProtocol        :173  [32m                  [0;39m Starting ProtocolHandler ["http-nio-1234"]
2024-10-27 21:09:25.036 INFO  o.s.boot.web.embedded.tomcat.TomcatWebServer      :226  [32m                  [0;39m Tomcat started on port(s): 1234 (http) with context path '/member'
2024-10-27 21:09:26.054 INFO  c.firewall.train.member.config.MemberApplication  :57   [32m                  [0;39m Started MemberApplication in 3.867 seconds (process running for 197.303)
2024-10-27 21:09:26.056 INFO  o.s.b.d.a.ConditionEvaluationDeltaLoggingListener :63   [32m                  [0;39m Condition evaluation unchanged
2024-10-27 21:09:26.057 INFO  c.firewall.train.member.config.MemberApplication  :17   [32m                  [0;39m 启动成功！
2024-10-27 21:09:26.057 INFO  c.firewall.train.member.config.MemberApplication  :18   [32m                  [0;39m Member地址: 	http://127.0.0.1:1234
2024-10-27 21:14:58.319 INFO  o.s.b.d.a.LocalDevToolsAutoConfiguration$RestartingClassPathChangeChangedEventListener:211  [32m                  [0;39m Restarting due to 1 class path change (0 additions, 0 deletions, 1 modification)
2024-10-27 21:14:58.356 INFO  org.apache.coyote.http11.Http11NioProtocol        :173  [32m                  [0;39m Pausing ProtocolHandler ["http-nio-1234"]
2024-10-27 21:14:58.356 INFO  org.apache.catalina.core.StandardService          :173  [32m                  [0;39m Stopping service [Tomcat]
2024-10-27 21:14:58.357 INFO  org.apache.coyote.http11.Http11NioProtocol        :173  [32m                  [0;39m Stopping ProtocolHandler ["http-nio-1234"]
2024-10-27 21:14:58.359 INFO  org.apache.coyote.http11.Http11NioProtocol        :173  [32m                  [0;39m Destroying ProtocolHandler ["http-nio-1234"]
2024-10-27 21:14:59.011 INFO  c.firewall.train.member.config.MemberApplication  :51   [32m                  [0;39m Starting MemberApplication using Java 17.0.11 with PID 16748 (E:\JavaLearning\train\member\target\classes started by firew in E:\JavaLearning\train)
2024-10-27 21:14:59.011 INFO  c.firewall.train.member.config.MemberApplication  :630  [32m                  [0;39m No active profile set, falling back to 1 default profile: "default"
2024-10-27 21:14:59.154 INFO  o.springframework.cloud.context.scope.GenericScope:282  [32m                  [0;39m BeanFactory id=9bb3dc1e-c01b-3b01-a5d5-981d040bf2af
2024-10-27 21:14:59.238 INFO  o.s.boot.web.embedded.tomcat.TomcatWebServer      :114  [32m                  [0;39m Tomcat initialized with port(s): 8080 (http)
2024-10-27 21:14:59.239 INFO  org.apache.coyote.http11.Http11NioProtocol        :173  [32m                  [0;39m Initializing ProtocolHandler ["http-nio-8080"]
2024-10-27 21:14:59.239 INFO  org.apache.catalina.core.StandardService          :173  [32m                  [0;39m Starting service [Tomcat]
2024-10-27 21:14:59.239 INFO  org.apache.catalina.core.StandardEngine           :173  [32m                  [0;39m Starting Servlet engine: [Apache Tomcat/10.1.1]
2024-10-27 21:14:59.256 INFO  o.a.c.c.C.[Tomcat].[localhost].[/member]          :173  [32m                  [0;39m Initializing Spring embedded WebApplicationContext
2024-10-27 21:14:59.256 INFO  o.s.b.w.s.c.ServletWebServerApplicationContext    :291  [32m                  [0;39m Root WebApplicationContext: initialization completed in 243 ms
2024-10-27 21:14:59.433 INFO  o.s.b.d.autoconfigure.OptionalLiveReloadServer    :59   [32m                  [0;39m LiveReload server is running on port 35729
2024-10-27 21:15:00.004 INFO  org.apache.coyote.http11.Http11NioProtocol        :173  [32m                  [0;39m Starting ProtocolHandler ["http-nio-8080"]
2024-10-27 21:15:00.009 INFO  o.s.boot.web.embedded.tomcat.TomcatWebServer      :226  [32m                  [0;39m Tomcat started on port(s): 8080 (http) with context path '/member'
2024-10-27 21:15:00.505 INFO  c.firewall.train.member.config.MemberApplication  :57   [32m                  [0;39m Started MemberApplication in 2.091 seconds (process running for 531.754)
2024-10-27 21:15:00.506 INFO  o.s.b.d.a.ConditionEvaluationDeltaLoggingListener :63   [32m                  [0;39m Condition evaluation unchanged
2024-10-27 21:15:00.507 INFO  c.firewall.train.member.config.MemberApplication  :17   [32m                  [0;39m 启动成功！
2024-10-27 21:15:00.507 INFO  c.firewall.train.member.config.MemberApplication  :18   [32m                  [0;39m Member地址: 	http://127.0.0.1:8080
2024-10-27 21:20:11.848 INFO  c.firewall.train.member.config.MemberApplication  :51   [32m                  [0;39m Starting MemberApplication using Java 17.0.11 with PID 12308 (E:\JavaLearning\train\member\target\classes started by firew in E:\JavaLearning\train)
2024-10-27 21:20:11.852 INFO  c.firewall.train.member.config.MemberApplication  :630  [32m                  [0;39m No active profile set, falling back to 1 default profile: "default"
2024-10-27 21:20:11.894 INFO  o.s.b.d.env.DevToolsPropertyDefaultsPostProcessor :250  [32m                  [0;39m Devtools property defaults active! Set 'spring.devtools.add-properties' to 'false' to disable
2024-10-27 21:20:11.894 INFO  o.s.b.d.env.DevToolsPropertyDefaultsPostProcessor :250  [32m                  [0;39m For additional web related logging consider setting the 'logging.level.web' property to 'DEBUG'
2024-10-27 21:20:12.447 INFO  o.springframework.cloud.context.scope.GenericScope:282  [32m                  [0;39m BeanFactory id=9bb3dc1e-c01b-3b01-a5d5-981d040bf2af
2024-10-27 21:20:13.200 INFO  o.s.boot.web.embedded.tomcat.TomcatWebServer      :114  [32m                  [0;39m Tomcat initialized with port(s): 8080 (http)
2024-10-27 21:20:13.214 INFO  org.apache.coyote.http11.Http11NioProtocol        :173  [32m                  [0;39m Initializing ProtocolHandler ["http-nio-8080"]
2024-10-27 21:20:13.215 INFO  org.apache.catalina.core.StandardService          :173  [32m                  [0;39m Starting service [Tomcat]
2024-10-27 21:20:13.215 INFO  org.apache.catalina.core.StandardEngine           :173  [32m                  [0;39m Starting Servlet engine: [Apache Tomcat/10.1.1]
2024-10-27 21:20:13.280 INFO  o.a.c.c.C.[Tomcat].[localhost].[/member]          :173  [32m                  [0;39m Initializing Spring embedded WebApplicationContext
2024-10-27 21:20:13.280 INFO  o.s.b.w.s.c.ServletWebServerApplicationContext    :291  [32m                  [0;39m Root WebApplicationContext: initialization completed in 1385 ms
2024-10-27 21:20:13.842 WARN  o.s.b.d.autoconfigure.OptionalLiveReloadServer    :62   [32m                  [0;39m Unable to start LiveReload server
2024-10-27 21:20:14.486 INFO  org.apache.coyote.http11.Http11NioProtocol        :173  [32m                  [0;39m Starting ProtocolHandler ["http-nio-8080"]
2024-10-27 21:20:14.502 INFO  o.s.boot.web.embedded.tomcat.TomcatWebServer      :226  [32m                  [0;39m Tomcat started on port(s): 8080 (http) with context path '/member'
2024-10-27 21:20:15.114 INFO  c.firewall.train.member.config.MemberApplication  :57   [32m                  [0;39m Started MemberApplication in 4.383 seconds (process running for 5.52)
2024-10-27 21:20:15.116 INFO  c.firewall.train.member.config.MemberApplication  :17   [32m                  [0;39m 启动成功！
2024-10-27 21:20:15.116 INFO  c.firewall.train.member.config.MemberApplication  :18   [32m                  [0;39m Member地址: 	http://127.0.0.1:8080
2024-10-27 21:28:06.193 INFO  o.a.c.c.C.[Tomcat].[localhost].[/member]          :173  [32m                  [0;39m Initializing Spring DispatcherServlet 'dispatcherServlet'
2024-10-27 21:28:06.193 INFO  org.springframework.web.servlet.DispatcherServlet :525  [32m                  [0;39m Initializing Servlet 'dispatcherServlet'
2024-10-27 21:28:06.194 INFO  org.springframework.web.servlet.DispatcherServlet :547  [32m                  [0;39m Completed initialization in 1 ms
2024-10-27 21:28:06.229 INFO  com.firewall.train.common.aspect.LogAspect        :54   [32m173003568622048k  [0;39m ------------- 开始 -------------
2024-10-27 21:28:06.231 INFO  com.firewall.train.common.aspect.LogAspect        :55   [32m173003568622048k  [0;39m 请求地址: http://127.0.0.1:8080/member/hello GET
2024-10-27 21:28:06.231 INFO  com.firewall.train.common.aspect.LogAspect        :56   [32m173003568622048k  [0;39m 类名方法: com.firewall.train.member.controller.MemberController.hello
2024-10-27 21:28:06.231 INFO  com.firewall.train.common.aspect.LogAspect        :57   [32m173003568622048k  [0;39m 远程地址: 127.0.0.1
2024-10-27 21:28:06.287 INFO  com.firewall.train.common.aspect.LogAspect        :78   [32m173003568622048k  [0;39m 请求参数: []
2024-10-27 21:28:06.287 INFO  com.firewall.train.common.aspect.LogAspect        :90   [32m173003568622048k  [0;39m 返回结果: "Hello, World123!"
2024-10-27 21:28:06.287 INFO  com.firewall.train.common.aspect.LogAspect        :91   [32m173003568622048k  [0;39m ------------- 结束 耗时：67 ms -------------
2024-10-27 21:40:29.181 INFO  com.firewall.train.common.aspect.LogAspect        :54   [32m1730036429181iea  [0;39m ------------- 开始 -------------
2024-10-27 21:40:29.182 INFO  com.firewall.train.common.aspect.LogAspect        :55   [32m1730036429181iea  [0;39m 请求地址: http://127.0.0.1:8080/member/hello GET
2024-10-27 21:40:29.182 INFO  com.firewall.train.common.aspect.LogAspect        :56   [32m1730036429181iea  [0;39m 类名方法: com.firewall.train.member.controller.MemberController.hello
2024-10-27 21:40:29.182 INFO  com.firewall.train.common.aspect.LogAspect        :57   [32m1730036429181iea  [0;39m 远程地址: 127.0.0.1
2024-10-27 21:40:29.183 INFO  com.firewall.train.common.aspect.LogAspect        :78   [32m1730036429181iea  [0;39m 请求参数: []
2024-10-27 21:40:29.183 INFO  com.firewall.train.common.aspect.LogAspect        :90   [32m1730036429181iea  [0;39m 返回结果: "Hello, World123!"
2024-10-27 21:40:29.183 INFO  com.firewall.train.common.aspect.LogAspect        :91   [32m1730036429181iea  [0;39m ------------- 结束 耗时：2 ms -------------
2024-10-27 21:40:34.384 INFO  com.firewall.train.common.aspect.LogAspect        :54   [32m1730036434384ozz  [0;39m ------------- 开始 -------------
2024-10-27 21:40:34.385 INFO  com.firewall.train.common.aspect.LogAspect        :55   [32m1730036434384ozz  [0;39m 请求地址: http://127.0.0.1:8080/member/hello GET
2024-10-27 21:40:34.385 INFO  com.firewall.train.common.aspect.LogAspect        :56   [32m1730036434384ozz  [0;39m 类名方法: com.firewall.train.member.controller.MemberController.hello
2024-10-27 21:40:34.385 INFO  com.firewall.train.common.aspect.LogAspect        :57   [32m1730036434384ozz  [0;39m 远程地址: 127.0.0.1
2024-10-27 21:40:34.385 INFO  com.firewall.train.common.aspect.LogAspect        :78   [32m1730036434384ozz  [0;39m 请求参数: []
2024-10-27 21:40:34.385 INFO  com.firewall.train.common.aspect.LogAspect        :90   [32m1730036434384ozz  [0;39m 返回结果: "Hello, World123!"
2024-10-27 21:40:34.385 INFO  com.firewall.train.common.aspect.LogAspect        :91   [32m1730036434384ozz  [0;39m ------------- 结束 耗时：1 ms -------------
2024-10-27 21:40:41.160 INFO  com.firewall.train.common.aspect.LogAspect        :54   [32m1730036441160q96  [0;39m ------------- 开始 -------------
2024-10-27 21:40:41.160 INFO  com.firewall.train.common.aspect.LogAspect        :55   [32m1730036441160q96  [0;39m 请求地址: http://127.0.0.1:8080/member/hello GET
2024-10-27 21:40:41.161 INFO  com.firewall.train.common.aspect.LogAspect        :56   [32m1730036441160q96  [0;39m 类名方法: com.firewall.train.member.controller.MemberController.hello
2024-10-27 21:40:41.161 INFO  com.firewall.train.common.aspect.LogAspect        :57   [32m1730036441160q96  [0;39m 远程地址: 127.0.0.1
2024-10-27 21:40:41.162 INFO  com.firewall.train.common.aspect.LogAspect        :78   [32m1730036441160q96  [0;39m 请求参数: []
2024-10-27 21:40:41.162 INFO  com.firewall.train.common.aspect.LogAspect        :90   [32m1730036441160q96  [0;39m 返回结果: "Hello, World123!"
2024-10-27 21:40:41.162 INFO  com.firewall.train.common.aspect.LogAspect        :91   [32m1730036441160q96  [0;39m ------------- 结束 耗时：2 ms -------------
2024-10-27 21:42:11.197 INFO  com.firewall.train.common.aspect.LogAspect        :54   [32m1730036531197nt4  [0;39m ------------- 开始 -------------
2024-10-27 21:42:11.198 INFO  com.firewall.train.common.aspect.LogAspect        :55   [32m1730036531197nt4  [0;39m 请求地址: http://127.0.0.1:8080/member/hello GET
2024-10-27 21:42:11.198 INFO  com.firewall.train.common.aspect.LogAspect        :56   [32m1730036531197nt4  [0;39m 类名方法: com.firewall.train.member.controller.MemberController.hello
2024-10-27 21:42:11.198 INFO  com.firewall.train.common.aspect.LogAspect        :57   [32m1730036531197nt4  [0;39m 远程地址: 127.0.0.1
2024-10-27 21:42:11.198 INFO  com.firewall.train.common.aspect.LogAspect        :78   [32m1730036531197nt4  [0;39m 请求参数: []
2024-10-27 21:42:11.198 INFO  com.firewall.train.common.aspect.LogAspect        :90   [32m1730036531197nt4  [0;39m 返回结果: "Hello, World123!"
2024-10-27 21:42:11.198 INFO  com.firewall.train.common.aspect.LogAspect        :91   [32m1730036531197nt4  [0;39m ------------- 结束 耗时：1 ms -------------
2024-10-27 21:42:14.107 INFO  com.firewall.train.common.aspect.LogAspect        :54   [32m173003653410673i  [0;39m ------------- 开始 -------------
2024-10-27 21:42:14.107 INFO  com.firewall.train.common.aspect.LogAspect        :55   [32m173003653410673i  [0;39m 请求地址: http://127.0.0.1:8080/member/hello GET
2024-10-27 21:42:14.107 INFO  com.firewall.train.common.aspect.LogAspect        :56   [32m173003653410673i  [0;39m 类名方法: com.firewall.train.member.controller.MemberController.hello
2024-10-27 21:42:14.107 INFO  com.firewall.train.common.aspect.LogAspect        :57   [32m173003653410673i  [0;39m 远程地址: 127.0.0.1
2024-10-27 21:42:14.107 INFO  com.firewall.train.common.aspect.LogAspect        :78   [32m173003653410673i  [0;39m 请求参数: []
2024-10-27 21:42:14.107 INFO  com.firewall.train.common.aspect.LogAspect        :90   [32m173003653410673i  [0;39m 返回结果: "Hello, World123!"
2024-10-27 21:42:14.108 INFO  com.firewall.train.common.aspect.LogAspect        :91   [32m173003653410673i  [0;39m ------------- 结束 耗时：2 ms -------------
2024-10-27 21:43:37.656 INFO  com.firewall.train.common.aspect.LogAspect        :54   [32m1730036617656vsb  [0;39m ------------- 开始 -------------
2024-10-27 21:43:37.657 INFO  com.firewall.train.common.aspect.LogAspect        :55   [32m1730036617656vsb  [0;39m 请求地址: http://127.0.0.1:8080/member/hello GET
2024-10-27 21:43:37.657 INFO  com.firewall.train.common.aspect.LogAspect        :56   [32m1730036617656vsb  [0;39m 类名方法: com.firewall.train.member.controller.MemberController.hello
2024-10-27 21:43:37.657 INFO  com.firewall.train.common.aspect.LogAspect        :57   [32m1730036617656vsb  [0;39m 远程地址: 127.0.0.1
2024-10-27 21:43:37.657 INFO  com.firewall.train.common.aspect.LogAspect        :78   [32m1730036617656vsb  [0;39m 请求参数: []
2024-10-27 21:43:37.657 INFO  com.firewall.train.common.aspect.LogAspect        :90   [32m1730036617656vsb  [0;39m 返回结果: "Hello, World123!"
2024-10-27 21:43:37.658 INFO  com.firewall.train.common.aspect.LogAspect        :91   [32m1730036617656vsb  [0;39m ------------- 结束 耗时：2 ms -------------
2024-10-27 21:43:39.549 INFO  com.firewall.train.common.aspect.LogAspect        :54   [32m1730036619549f79  [0;39m ------------- 开始 -------------
2024-10-27 21:43:39.549 INFO  com.firewall.train.common.aspect.LogAspect        :55   [32m1730036619549f79  [0;39m 请求地址: http://127.0.0.1:8080/member/hello GET
2024-10-27 21:43:39.550 INFO  com.firewall.train.common.aspect.LogAspect        :56   [32m1730036619549f79  [0;39m 类名方法: com.firewall.train.member.controller.MemberController.hello
2024-10-27 21:43:39.550 INFO  com.firewall.train.common.aspect.LogAspect        :57   [32m1730036619549f79  [0;39m 远程地址: 127.0.0.1
2024-10-27 21:43:39.550 INFO  com.firewall.train.common.aspect.LogAspect        :78   [32m1730036619549f79  [0;39m 请求参数: []
2024-10-27 21:43:39.551 INFO  com.firewall.train.common.aspect.LogAspect        :90   [32m1730036619549f79  [0;39m 返回结果: "Hello, World123!"
2024-10-27 21:43:39.551 INFO  com.firewall.train.common.aspect.LogAspect        :91   [32m1730036619549f79  [0;39m ------------- 结束 耗时：2 ms -------------
2024-10-27 21:43:39.902 INFO  com.firewall.train.common.aspect.LogAspect        :54   [32m1730036619902bbk  [0;39m ------------- 开始 -------------
2024-10-27 21:43:39.902 INFO  com.firewall.train.common.aspect.LogAspect        :55   [32m1730036619902bbk  [0;39m 请求地址: http://127.0.0.1:8080/member/hello GET
2024-10-27 21:43:39.902 INFO  com.firewall.train.common.aspect.LogAspect        :56   [32m1730036619902bbk  [0;39m 类名方法: com.firewall.train.member.controller.MemberController.hello
2024-10-27 21:43:39.903 INFO  com.firewall.train.common.aspect.LogAspect        :57   [32m1730036619902bbk  [0;39m 远程地址: 127.0.0.1
2024-10-27 21:43:39.903 INFO  com.firewall.train.common.aspect.LogAspect        :78   [32m1730036619902bbk  [0;39m 请求参数: []
2024-10-27 21:43:39.903 INFO  com.firewall.train.common.aspect.LogAspect        :90   [32m1730036619902bbk  [0;39m 返回结果: "Hello, World123!"
2024-10-27 21:43:39.904 INFO  com.firewall.train.common.aspect.LogAspect        :91   [32m1730036619902bbk  [0;39m ------------- 结束 耗时：2 ms -------------
2024-10-27 21:45:44.626 INFO  com.firewall.train.common.aspect.LogAspect        :54   [32m1730036744626fzs  [0;39m ------------- 开始 -------------
2024-10-27 21:45:44.626 INFO  com.firewall.train.common.aspect.LogAspect        :55   [32m1730036744626fzs  [0;39m 请求地址: http://127.0.0.1:8080/member/hello GET
2024-10-27 21:45:44.626 INFO  com.firewall.train.common.aspect.LogAspect        :56   [32m1730036744626fzs  [0;39m 类名方法: com.firewall.train.member.controller.MemberController.hello
2024-10-27 21:45:44.626 INFO  com.firewall.train.common.aspect.LogAspect        :57   [32m1730036744626fzs  [0;39m 远程地址: 127.0.0.1
2024-10-27 21:45:44.627 INFO  com.firewall.train.common.aspect.LogAspect        :78   [32m1730036744626fzs  [0;39m 请求参数: []
2024-10-27 21:45:44.627 INFO  com.firewall.train.common.aspect.LogAspect        :90   [32m1730036744626fzs  [0;39m 返回结果: "Hello, World123!"
2024-10-27 21:45:44.627 INFO  com.firewall.train.common.aspect.LogAspect        :91   [32m1730036744626fzs  [0;39m ------------- 结束 耗时：1 ms -------------
